This file contains any messages produced by compilers while
running configure, to aid debugging if configure makes a mistake.

It was created by configure, which was
generated by GNU Autoconf 2.71.  Invocation command line was

  $ ./configure --no-create --no-recursion

## --------- ##
## Platform. ##
## --------- ##

hostname = (none)
uname -m = x86_64
uname -r = 5.19.10_1
uname -s = Linux
uname -v = #1 SMP PREEMPT_DYNAMIC Sat Sep 24 07:37:01 UTC 2022

/usr/bin/uname -p = unknown
/bin/uname -X     = unknown

/bin/arch              = x86_64
/usr/bin/arch -k       = unknown
/usr/convex/getsysinfo = unknown
/usr/bin/hostinfo      = unknown
/bin/machine           = unknown
/usr/bin/oslevel       = unknown
/bin/universe          = unknown

PATH: /usr/local/bin/
PATH: /bin/
PATH: /usr/bin/
PATH: /usr/local/sbin/
PATH: /usr/sbin/
PATH: /sbin/


## ----------- ##
## Core tests. ##
## ----------- ##

configure:2449: looking for aux files: config.guess config.sub install-sh
configure:2462:  trying ./
configure:2491:   ./config.guess found
configure:2491:   ./config.sub found
configure:2473:   ./install-sh found
configure:2619: checking for a BSD-compatible install
configure:2692: result: /bin/install -c
configure:2703: checking whether build environment is sane
configure:2740: result: yes
configure:2752: checking whether make sets $(MAKE)
configure:2775: result: yes
configure:2801: checking for working aclocal-1.4
configure:2812: result: missing
configure:2816: checking for working autoconf
configure:2823: result: found
configure:2831: checking for working automake-1.4
configure:2842: result: missing
configure:2846: checking for working autoheader
configure:2853: result: found
configure:2861: checking for working makeinfo
configure:2872: result: missing
configure:2956: checking for gcc
configure:2977: found /bin/gcc
configure:2988: result: gcc
configure:3341: checking for C compiler version
configure:3350: gcc --version >&5
gcc (GCC) 10.2.1 20201203
Copyright (C) 2020 Free Software Foundation, Inc.
This is free software; see the source for copying conditions.  There is NO
warranty; not even for MERCHANTABILITY or FITNESS FOR A PARTICULAR PURPOSE.

configure:3361: $? = 0
configure:3350: gcc -v >&5
Using built-in specs.
COLLECT_GCC=gcc
COLLECT_LTO_WRAPPER=/usr/lib64/gcc/x86_64-unknown-linux-gnu/10.2.1/lto-wrapper
Target: x86_64-unknown-linux-gnu
Configured with: /builddir/gcc-10.2.1_pre1/configure --build=x86_64-unknown-linux-gnu --enable-gnu-unique-object --enable-vtable-verify --prefix=/usr --mandir=/usr/share/man --infodir=/usr/share/info --libexecdir=/usr/lib64 --libdir=/usr/lib64 --enable-threads=posix --enable-__cxa_atexit --disable-multilib --with-system-zlib --enable-shared --enable-lto --enable-plugins --enable-linker-build-id --disable-werror --disable-nls --enable-default-pie --enable-default-ssp --enable-checking=release --disable-libstdcxx-pch --with-isl --with-linker-hash-style=gnu --disable-sjlj-exceptions --disable-target-libiberty --enable-languages=c,c++,objc,obj-c++,fortran,lto,go,ada
Thread model: posix
Supported LTO compression algorithms: zlib
gcc version 10.2.1 20201203 (GCC) 
configure:3361: $? = 0
configure:3350: gcc -V >&5
gcc: error: unrecognized command-line option '-V'
gcc: fatal error: no input files
compilation terminated.
configure:3361: $? = 1
configure:3350: gcc -qversion >&5
gcc: error: unrecognized command-line option '-qversion'; did you mean '--version'?
gcc: fatal error: no input files
compilation terminated.
configure:3361: $? = 1
configure:3350: gcc -version >&5
gcc: error: unrecognized command-line option '-version'
gcc: fatal error: no input files
compilation terminated.
configure:3361: $? = 1
configure:3381: checking whether the C compiler works
configure:3403: gcc    conftest.c  >&5
configure:3407: $? = 0
configure:3457: result: yes
configure:3460: checking for C compiler default output file name
configure:3462: result: a.out
configure:3468: checking for suffix of executables
configure:3475: gcc -o conftest    conftest.c  >&5
configure:3479: $? = 0
configure:3502: result: 
configure:3524: checking whether we are cross compiling
configure:3532: gcc -o conftest    conftest.c  >&5
configure:3536: $? = 0
configure:3543: ./conftest
configure:3547: $? = 0
configure:3562: result: no
configure:3567: checking for suffix of object files
configure:3590: gcc -c   conftest.c >&5
configure:3594: $? = 0
configure:3616: result: o
configure:3620: checking whether the compiler supports GNU C
configure:3640: gcc -c   conftest.c >&5
configure:3640: $? = 0
configure:3650: result: yes
configure:3661: checking whether gcc accepts -g
configure:3682: gcc -c -g  conftest.c >&5
configure:3682: $? = 0
configure:3726: result: yes
configure:3746: checking for gcc option to enable C11 features
configure:3761: gcc  -c -g -O2  conftest.c >&5
configure:3761: $? = 0
configure:3779: result: none needed
configure:3890: checking for an ANSI C-conforming const
configure:3957: gcc -c -g -O2  conftest.c >&5
configure:3957: $? = 0
configure:3965: result: yes
configure:3978: checking how to run the C preprocessor
configure:4004: gcc -E  conftest.c
configure:4004: $? = 0
configure:4019: gcc -E  conftest.c
conftest.c:11:10: fatal error: ac_nonexistent.h: No such file or directory
   11 | #include <ac_nonexistent.h>
      |          ^~~~~~~~~~~~~~~~~~
compilation terminated.
configure:4019: $? = 1
configure: failed program was:
| /* confdefs.h */
| #define PACKAGE_NAME ""
| #define PACKAGE_TARNAME ""
| #define PACKAGE_VERSION ""
| #define PACKAGE_STRING ""
| #define PACKAGE_BUGREPORT ""
| #define PACKAGE_URL ""
| #define PACKAGE "tpb"
| #define VERSION "0.6.4"
| /* end confdefs.h.  */
| #include <ac_nonexistent.h>
configure:4046: result: gcc -E
configure:4060: gcc -E  conftest.c
configure:4060: $? = 0
configure:4075: gcc -E  conftest.c
conftest.c:11:10: fatal error: ac_nonexistent.h: No such file or directory
   11 | #include <ac_nonexistent.h>
      |          ^~~~~~~~~~~~~~~~~~
compilation terminated.
configure:4075: $? = 1
configure: failed program was:
| /* confdefs.h */
| #define PACKAGE_NAME ""
| #define PACKAGE_TARNAME ""
| #define PACKAGE_VERSION ""
| #define PACKAGE_STRING ""
| #define PACKAGE_BUGREPORT ""
| #define PACKAGE_URL ""
| #define PACKAGE "tpb"
| #define VERSION "0.6.4"
| /* end confdefs.h.  */
| #include <ac_nonexistent.h>
configure:4106: checking whether make sets $(MAKE)
configure:4129: result: yes
configure:4139: checking for X
configure:4177: gcc -o conftest -g -O2   conftest.c -lX11  >&5
configure:4177: $? = 0
configure:4364: result: libraries , headers 
configure:4462: gcc -o conftest -g -O2   conftest.c   -lX11 >&5
configure:4462: $? = 0
configure:4561: checking for gethostbyname
configure:4561: gcc -o conftest -g -O2   conftest.c  >&5
configure:4561: $? = 0
configure:4561: result: yes
configure:4659: checking for connect
configure:4659: gcc -o conftest -g -O2   conftest.c  >&5
configure:4659: $? = 0
configure:4659: result: yes
configure:4709: checking for remove
configure:4709: gcc -o conftest -g -O2   conftest.c  >&5
configure:4709: $? = 0
configure:4709: result: yes
configure:4759: checking for shmat
configure:4759: gcc -o conftest -g -O2   conftest.c  >&5
configure:4759: $? = 0
configure:4759: result: yes
configure:4818: checking for IceConnectionNumber in -lICE
configure:4841: gcc -o conftest -g -O2   conftest.c -lICE   >&5
configure:4841: $? = 0
configure:4851: result: yes
configure:4878: checking for xosd-config
configure:4901: found /usr/local/bin/xosd-config
configure:4914: result: /usr/local/bin/xosd-config
configure:4922: checking for libxosd
configure:4931: result: yes
configure:4949: checking for version of libxosd
configure:4972: gcc -o conftest -g -O2  -Wall -g -O2 -Wall -I/usr/local/include   conftest.c   -lSM -lICE    -lm -L/usr/local/lib -lxosd -lpthread -lXext -lX11 >&5
conftest.c:19:14: warning: 'test' defined but not used [-Wunused-function]
   19 |         void test()
      |              ^~~~
configure:4972: $? = 0
configure:4975: result: >= 2.2.0, ok
configure:5106: checking for stdio.h
configure:5106: gcc -c -g -O2  -Wall -g -O2 -Wall -I/usr/local/include  conftest.c >&5
configure:5106: $? = 0
configure:5106: result: yes
configure:5106: checking for stdlib.h
configure:5106: gcc -c -g -O2  -Wall -g -O2 -Wall -I/usr/local/include  conftest.c >&5
configure:5106: $? = 0
configure:5106: result: yes
configure:5106: checking for string.h
configure:5106: gcc -c -g -O2  -Wall -g -O2 -Wall -I/usr/local/include  conftest.c >&5
configure:5106: $? = 0
configure:5106: result: yes
configure:5106: checking for inttypes.h
configure:5106: gcc -c -g -O2  -Wall -g -O2 -Wall -I/usr/local/include  conftest.c >&5
configure:5106: $? = 0
configure:5106: result: yes
configure:5106: checking for stdint.h
configure:5106: gcc -c -g -O2  -Wall -g -O2 -Wall -I/usr/local/include  conftest.c >&5
configure:5106: $? = 0
configure:5106: result: yes
configure:5106: checking for strings.h
configure:5106: gcc -c -g -O2  -Wall -g -O2 -Wall -I/usr/local/include  conftest.c >&5
configure:5106: $? = 0
configure:5106: result: yes
configure:5106: checking for sys/stat.h
configure:5106: gcc -c -g -O2  -Wall -g -O2 -Wall -I/usr/local/include  conftest.c >&5
configure:5106: $? = 0
configure:5106: result: yes
configure:5106: checking for sys/types.h
configure:5106: gcc -c -g -O2  -Wall -g -O2 -Wall -I/usr/local/include  conftest.c >&5
configure:5106: $? = 0
configure:5106: result: yes
configure:5106: checking for unistd.h
configure:5106: gcc -c -g -O2  -Wall -g -O2 -Wall -I/usr/local/include  conftest.c >&5
configure:5106: $? = 0
configure:5106: result: yes
configure:5106: checking for sys/param.h
configure:5106: gcc -c -g -O2  -Wall -g -O2 -Wall -I/usr/local/include  conftest.c >&5
configure:5106: $? = 0
configure:5106: result: yes
configure:5131: checking for grep that handles long lines and -e
configure:5195: result: /bin/grep
configure:5203: checking for egrep
configure:5271: result: /bin/grep -E
configure:5277: checking for fcntl.h
configure:5277: gcc -c -g -O2  -Wall -g -O2 -Wall -I/usr/local/include  conftest.c >&5
configure:5277: $? = 0
configure:5277: result: yes
configure:5283: checking for getopt.h
configure:5283: gcc -c -g -O2  -Wall -g -O2 -Wall -I/usr/local/include  conftest.c >&5
configure:5283: $? = 0
configure:5283: result: yes
configure:5289: checking for stdio.h
configure:5289: result: yes
configure:5295: checking for stdlib.h
configure:5295: result: yes
configure:5301: checking for strings.h
configure:5301: result: yes
configure:5307: checking for sys/stat.h
configure:5307: result: yes
configure:5313: checking for sys/types.h
configure:5313: result: yes
configure:5319: checking for unistd.h
configure:5319: result: yes
configure:5325: checking for wait.h
configure:5325: gcc -c -g -O2  -Wall -g -O2 -Wall -I/usr/local/include  conftest.c >&5
configure:5325: $? = 0
configure:5325: result: yes
configure:5334: checking for main in -lX11
configure:5354: gcc -o conftest -g -O2  -Wall -g -O2 -Wall -I/usr/local/include   conftest.c -lX11    -lSM -lICE    -lm -L/usr/local/lib -lxosd -lpthread -lXext -lX11 >&5
configure:5354: $? = 0
configure:5364: result: yes
configure:5383: checking build system type
configure:5398: result: x86_64-unknown-linux-gnu
configure:5418: checking host system type
configure:5432: result: x86_64-unknown-linux-gnu
configure:5500: checking for ranlib
configure:5521: found /bin/ranlib
configure:5532: result: ranlib
configure:5555: checking for strerror in -lcposix
configure:5578: gcc -o conftest -g -O2  -Wall -g -O2 -Wall -I/usr/local/include   conftest.c -lcposix  -lX11   -lSM -lICE    -lm -L/usr/local/lib -lxosd -lpthread -lXext -lX11 >&5
/bin/ld: cannot find -lcposix
collect2: error: ld returned 1 exit status
configure:5578: $? = 1
configure: failed program was:
| /* confdefs.h */
| #define PACKAGE_NAME ""
| #define PACKAGE_TARNAME ""
| #define PACKAGE_VERSION ""
| #define PACKAGE_STRING ""
| #define PACKAGE_BUGREPORT ""
| #define PACKAGE_URL ""
| #define PACKAGE "tpb"
| #define VERSION "0.6.4"
| #define HAVE_LIBXOSD 1
| #define HAVE_LIBXOSD_VERSION 20200
| #define HAVE_STDIO_H 1
| #define HAVE_STDLIB_H 1
| #define HAVE_STRING_H 1
| #define HAVE_INTTYPES_H 1
| #define HAVE_STDINT_H 1
| #define HAVE_STRINGS_H 1
| #define HAVE_SYS_STAT_H 1
| #define HAVE_SYS_TYPES_H 1
| #define HAVE_UNISTD_H 1
| #define HAVE_SYS_PARAM_H 1
| #define STDC_HEADERS 1
| #define HAVE_FCNTL_H 1
| #define HAVE_GETOPT_H 1
| #define HAVE_STDIO_H 1
| #define HAVE_STDLIB_H 1
| #define HAVE_STRINGS_H 1
| #define HAVE_SYS_STAT_H 1
| #define HAVE_SYS_TYPES_H 1
| #define HAVE_UNISTD_H 1
| #define HAVE_WAIT_H 1
| #define HAVE_LIBX11 1
| /* end confdefs.h.  */
| 
| /* Override any GCC internal prototype to avoid an error.
|    Use char because int might match the return type of a GCC
|    builtin and then its argument prototype would still apply.  */
| char strerror ();
| int
| main (void)
| {
| return strerror ();
|   ;
|   return 0;
| }
configure:5588: result: no
configure:5597: checking for inline
configure:5614: gcc -c -g -O2  -Wall -g -O2 -Wall -I/usr/local/include  conftest.c >&5
configure:5614: $? = 0
configure:5623: result: inline
configure:5641: checking for off_t
configure:5641: gcc -c -g -O2  -Wall -g -O2 -Wall -I/usr/local/include  conftest.c >&5
configure:5641: $? = 0
configure:5641: gcc -c -g -O2  -Wall -g -O2 -Wall -I/usr/local/include  conftest.c >&5
conftest.c: In function 'main':
conftest.c:65:20: error: expected expression before ')' token
   65 | if (sizeof ((off_t)))
      |                    ^
configure:5641: $? = 1
configure: failed program was:
| /* confdefs.h */
| #define PACKAGE_NAME ""
| #define PACKAGE_TARNAME ""
| #define PACKAGE_VERSION ""
| #define PACKAGE_STRING ""
| #define PACKAGE_BUGREPORT ""
| #define PACKAGE_URL ""
| #define PACKAGE "tpb"
| #define VERSION "0.6.4"
| #define HAVE_LIBXOSD 1
| #define HAVE_LIBXOSD_VERSION 20200
| #define HAVE_STDIO_H 1
| #define HAVE_STDLIB_H 1
| #define HAVE_STRING_H 1
| #define HAVE_INTTYPES_H 1
| #define HAVE_STDINT_H 1
| #define HAVE_STRINGS_H 1
| #define HAVE_SYS_STAT_H 1
| #define HAVE_SYS_TYPES_H 1
| #define HAVE_UNISTD_H 1
| #define HAVE_SYS_PARAM_H 1
| #define STDC_HEADERS 1
| #define HAVE_FCNTL_H 1
| #define HAVE_GETOPT_H 1
| #define HAVE_STDIO_H 1
| #define HAVE_STDLIB_H 1
| #define HAVE_STRINGS_H 1
| #define HAVE_SYS_STAT_H 1
| #define HAVE_SYS_TYPES_H 1
| #define HAVE_UNISTD_H 1
| #define HAVE_WAIT_H 1
| #define HAVE_LIBX11 1
| /* end confdefs.h.  */
| #include <stddef.h>
| #ifdef HAVE_STDIO_H
| # include <stdio.h>
| #endif
| #ifdef HAVE_STDLIB_H
| # include <stdlib.h>
| #endif
| #ifdef HAVE_STRING_H
| # include <string.h>
| #endif
| #ifdef HAVE_INTTYPES_H
| # include <inttypes.h>
| #endif
| #ifdef HAVE_STDINT_H
| # include <stdint.h>
| #endif
| #ifdef HAVE_STRINGS_H
| # include <strings.h>
| #endif
| #ifdef HAVE_SYS_TYPES_H
| # include <sys/types.h>
| #endif
| #ifdef HAVE_SYS_STAT_H
| # include <sys/stat.h>
| #endif
| #ifdef HAVE_UNISTD_H
| # include <unistd.h>
| #endif
| int
| main (void)
| {
| if (sizeof ((off_t)))
| 	    return 0;
|   ;
|   return 0;
| }
configure:5641: result: yes
configure:5651: checking for size_t
configure:5651: gcc -c -g -O2  -Wall -g -O2 -Wall -I/usr/local/include  conftest.c >&5
configure:5651: $? = 0
configure:5651: gcc -c -g -O2  -Wall -g -O2 -Wall -I/usr/local/include  conftest.c >&5
conftest.c: In function 'main':
conftest.c:65:21: error: expected expression before ')' token
   65 | if (sizeof ((size_t)))
      |                     ^
configure:5651: $? = 1
configure: failed program was:
| /* confdefs.h */
| #define PACKAGE_NAME ""
| #define PACKAGE_TARNAME ""
| #define PACKAGE_VERSION ""
| #define PACKAGE_STRING ""
| #define PACKAGE_BUGREPORT ""
| #define PACKAGE_URL ""
| #define PACKAGE "tpb"
| #define VERSION "0.6.4"
| #define HAVE_LIBXOSD 1
| #define HAVE_LIBXOSD_VERSION 20200
| #define HAVE_STDIO_H 1
| #define HAVE_STDLIB_H 1
| #define HAVE_STRING_H 1
| #define HAVE_INTTYPES_H 1
| #define HAVE_STDINT_H 1
| #define HAVE_STRINGS_H 1
| #define HAVE_SYS_STAT_H 1
| #define HAVE_SYS_TYPES_H 1
| #define HAVE_UNISTD_H 1
| #define HAVE_SYS_PARAM_H 1
| #define STDC_HEADERS 1
| #define HAVE_FCNTL_H 1
| #define HAVE_GETOPT_H 1
| #define HAVE_STDIO_H 1
| #define HAVE_STDLIB_H 1
| #define HAVE_STRINGS_H 1
| #define HAVE_SYS_STAT_H 1
| #define HAVE_SYS_TYPES_H 1
| #define HAVE_UNISTD_H 1
| #define HAVE_WAIT_H 1
| #define HAVE_LIBX11 1
| /* end confdefs.h.  */
| #include <stddef.h>
| #ifdef HAVE_STDIO_H
| # include <stdio.h>
| #endif
| #ifdef HAVE_STDLIB_H
| # include <stdlib.h>
| #endif
| #ifdef HAVE_STRING_H
| # include <string.h>
| #endif
| #ifdef HAVE_INTTYPES_H
| # include <inttypes.h>
| #endif
| #ifdef HAVE_STDINT_H
| # include <stdint.h>
| #endif
| #ifdef HAVE_STRINGS_H
| # include <strings.h>
| #endif
| #ifdef HAVE_SYS_TYPES_H
| # include <sys/types.h>
| #endif
| #ifdef HAVE_SYS_STAT_H
| # include <sys/stat.h>
| #endif
| #ifdef HAVE_UNISTD_H
| # include <unistd.h>
| #endif
| int
| main (void)
| {
| if (sizeof ((size_t)))
| 	    return 0;
|   ;
|   return 0;
| }
configure:5651: result: yes
configure:5663: checking for working alloca.h
configure:5681: gcc -o conftest -g -O2  -Wall -g -O2 -Wall -I/usr/local/include   conftest.c -lX11   -lSM -lICE    -lm -L/usr/local/lib -lxosd -lpthread -lXext -lX11 >&5
configure:5681: $? = 0
configure:5690: result: yes
configure:5698: checking for alloca
configure:5743: result: yes
configure:5815: checking for getpagesize
configure:5815: gcc -o conftest -g -O2  -Wall -g -O2 -Wall -I/usr/local/include   conftest.c -lX11   -lSM -lICE    -lm -L/usr/local/lib -lxosd -lpthread -lXext -lX11 >&5
configure:5815: $? = 0
configure:5815: result: yes
configure:5826: checking for working mmap
configure:5978: gcc -o conftest -g -O2  -Wall -g -O2 -Wall -I/usr/local/include   conftest.c -lX11   -lSM -lICE    -lm -L/usr/local/lib -lxosd -lpthread -lXext -lX11 >&5
configure:5978: $? = 0
configure:5978: ./conftest
./conftest: error while loading shared libraries: libxosd.so.2: cannot open shared object file: No such file or directory
configure:5978: $? = 127
configure: program exited with status 127
configure: failed program was:
| /* confdefs.h */
| #define PACKAGE_NAME ""
| #define PACKAGE_TARNAME ""
| #define PACKAGE_VERSION ""
| #define PACKAGE_STRING ""
| #define PACKAGE_BUGREPORT ""
| #define PACKAGE_URL ""
| #define PACKAGE "tpb"
| #define VERSION "0.6.4"
| #define HAVE_LIBXOSD 1
| #define HAVE_LIBXOSD_VERSION 20200
| #define HAVE_STDIO_H 1
| #define HAVE_STDLIB_H 1
| #define HAVE_STRING_H 1
| #define HAVE_INTTYPES_H 1
| #define HAVE_STDINT_H 1
| #define HAVE_STRINGS_H 1
| #define HAVE_SYS_STAT_H 1
| #define HAVE_SYS_TYPES_H 1
| #define HAVE_UNISTD_H 1
| #define HAVE_SYS_PARAM_H 1
| #define STDC_HEADERS 1
| #define HAVE_FCNTL_H 1
| #define HAVE_GETOPT_H 1
| #define HAVE_STDIO_H 1
| #define HAVE_STDLIB_H 1
| #define HAVE_STRINGS_H 1
| #define HAVE_SYS_STAT_H 1
| #define HAVE_SYS_TYPES_H 1
| #define HAVE_UNISTD_H 1
| #define HAVE_WAIT_H 1
| #define HAVE_LIBX11 1
| #define HAVE_ALLOCA_H 1
| #define HAVE_ALLOCA 1
| #define HAVE_GETPAGESIZE 1
| /* end confdefs.h.  */
| #include <stddef.h>
| #ifdef HAVE_STDIO_H
| # include <stdio.h>
| #endif
| #ifdef HAVE_STDLIB_H
| # include <stdlib.h>
| #endif
| #ifdef HAVE_STRING_H
| # include <string.h>
| #endif
| #ifdef HAVE_INTTYPES_H
| # include <inttypes.h>
| #endif
| #ifdef HAVE_STDINT_H
| # include <stdint.h>
| #endif
| #ifdef HAVE_STRINGS_H
| # include <strings.h>
| #endif
| #ifdef HAVE_SYS_TYPES_H
| # include <sys/types.h>
| #endif
| #ifdef HAVE_SYS_STAT_H
| # include <sys/stat.h>
| #endif
| #ifdef HAVE_UNISTD_H
| # include <unistd.h>
| #endif
| /* malloc might have been renamed as rpl_malloc. */
| #undef malloc
| 
| /* Thanks to Mike Haertel and Jim Avera for this test.
|    Here is a matrix of mmap possibilities:
| 	mmap private not fixed
| 	mmap private fixed at somewhere currently unmapped
| 	mmap private fixed at somewhere already mapped
| 	mmap shared not fixed
| 	mmap shared fixed at somewhere currently unmapped
| 	mmap shared fixed at somewhere already mapped
|    For private mappings, we should verify that changes cannot be read()
|    back from the file, nor mmap's back from the file at a different
|    address.  (There have been systems where private was not correctly
|    implemented like the infamous i386 svr4.0, and systems where the
|    VM page cache was not coherent with the file system buffer cache
|    like early versions of FreeBSD and possibly contemporary NetBSD.)
|    For shared mappings, we should conversely verify that changes get
|    propagated back to all the places they're supposed to be.
| 
|    Grep wants private fixed already mapped.
|    The main things grep needs to know about mmap are:
|    * does it exist and is it safe to write into the mmap'd area
|    * how to use it (BSD variants)  */
| 
| #include <fcntl.h>
| #include <sys/mman.h>
| 
| /* This mess was copied from the GNU getpagesize.h.  */
| #ifndef HAVE_GETPAGESIZE
| # ifdef _SC_PAGESIZE
| #  define getpagesize() sysconf(_SC_PAGESIZE)
| # else /* no _SC_PAGESIZE */
| #  ifdef HAVE_SYS_PARAM_H
| #   include <sys/param.h>
| #   ifdef EXEC_PAGESIZE
| #    define getpagesize() EXEC_PAGESIZE
| #   else /* no EXEC_PAGESIZE */
| #    ifdef NBPG
| #     define getpagesize() NBPG * CLSIZE
| #     ifndef CLSIZE
| #      define CLSIZE 1
| #     endif /* no CLSIZE */
| #    else /* no NBPG */
| #     ifdef NBPC
| #      define getpagesize() NBPC
| #     else /* no NBPC */
| #      ifdef PAGESIZE
| #       define getpagesize() PAGESIZE
| #      endif /* PAGESIZE */
| #     endif /* no NBPC */
| #    endif /* no NBPG */
| #   endif /* no EXEC_PAGESIZE */
| #  else /* no HAVE_SYS_PARAM_H */
| #   define getpagesize() 8192	/* punt totally */
| #  endif /* no HAVE_SYS_PARAM_H */
| # endif /* no _SC_PAGESIZE */
| 
| #endif /* no HAVE_GETPAGESIZE */
| 
| int
| main (void)
| {
|   char *data, *data2, *data3;
|   const char *cdata2;
|   int i, pagesize;
|   int fd, fd2;
| 
|   pagesize = getpagesize ();
| 
|   /* First, make a file with some known garbage in it. */
|   data = (char *) malloc (pagesize);
|   if (!data)
|     return 1;
|   for (i = 0; i < pagesize; ++i)
|     *(data + i) = rand ();
|   umask (0);
|   fd = creat ("conftest.mmap", 0600);
|   if (fd < 0)
|     return 2;
|   if (write (fd, data, pagesize) != pagesize)
|     return 3;
|   close (fd);
| 
|   /* Next, check that the tail of a page is zero-filled.  File must have
|      non-zero length, otherwise we risk SIGBUS for entire page.  */
|   fd2 = open ("conftest.txt", O_RDWR | O_CREAT | O_TRUNC, 0600);
|   if (fd2 < 0)
|     return 4;
|   cdata2 = "";
|   if (write (fd2, cdata2, 1) != 1)
|     return 5;
|   data2 = (char *) mmap (0, pagesize, PROT_READ | PROT_WRITE, MAP_SHARED, fd2, 0L);
|   if (data2 == MAP_FAILED)
|     return 6;
|   for (i = 0; i < pagesize; ++i)
|     if (*(data2 + i))
|       return 7;
|   close (fd2);
|   if (munmap (data2, pagesize))
|     return 8;
| 
|   /* Next, try to mmap the file at a fixed address which already has
|      something else allocated at it.  If we can, also make sure that
|      we see the same garbage.  */
|   fd = open ("conftest.mmap", O_RDWR);
|   if (fd < 0)
|     return 9;
|   if (data2 != mmap (data2, pagesize, PROT_READ | PROT_WRITE,
| 		     MAP_PRIVATE | MAP_FIXED, fd, 0L))
|     return 10;
|   for (i = 0; i < pagesize; ++i)
|     if (*(data + i) != *(data2 + i))
|       return 11;
| 
|   /* Finally, make sure that changes to the mapped area do not
|      percolate back to the file as seen by read().  (This is a bug on
|      some variants of i386 svr4.0.)  */
|   for (i = 0; i < pagesize; ++i)
|     *(data2 + i) = *(data2 + i) + 1;
|   data3 = (char *) malloc (pagesize);
|   if (!data3)
|     return 12;
|   if (read (fd, data3, pagesize) != pagesize)
|     return 13;
|   for (i = 0; i < pagesize; ++i)
|     if (*(data + i) != *(data3 + i))
|       return 14;
|   close (fd);
|   free (data);
|   free (data3);
|   return 0;
| }
configure:5989: result: no
configure:5999: checking whether we are using the GNU C Library 2.1 or newer
configure:6028: result: yes
configure:6035: checking for argz.h
configure:6035: gcc -c -g -O2  -Wall -g -O2 -Wall -I/usr/local/include  conftest.c >&5
configure:6035: $? = 0
configure:6035: result: yes
configure:6041: checking for limits.h
configure:6041: gcc -c -g -O2  -Wall -g -O2 -Wall -I/usr/local/include  conftest.c >&5
configure:6041: $? = 0
configure:6041: result: yes
configure:6047: checking for locale.h
configure:6047: gcc -c -g -O2  -Wall -g -O2 -Wall -I/usr/local/include  conftest.c >&5
configure:6047: $? = 0
configure:6047: result: yes
configure:6053: checking for nl_types.h
configure:6053: gcc -c -g -O2  -Wall -g -O2 -Wall -I/usr/local/include  conftest.c >&5
configure:6053: $? = 0
configure:6053: result: yes
configure:6059: checking for malloc.h
configure:6059: gcc -c -g -O2  -Wall -g -O2 -Wall -I/usr/local/include  conftest.c >&5
configure:6059: $? = 0
configure:6059: result: yes
configure:6065: checking for stddef.h
configure:6065: gcc -c -g -O2  -Wall -g -O2 -Wall -I/usr/local/include  conftest.c >&5
configure:6065: $? = 0
configure:6065: result: yes
configure:6071: checking for stdlib.h
configure:6071: result: yes
configure:6077: checking for string.h
configure:6077: result: yes
configure:6083: checking for unistd.h
configure:6083: result: yes
configure:6089: checking for sys/param.h
configure:6089: result: yes
configure:6096: checking for feof_unlocked
configure:6096: gcc -o conftest -g -O2  -Wall -g -O2 -Wall -I/usr/local/include   conftest.c -lX11   -lSM -lICE    -lm -L/usr/local/lib -lxosd -lpthread -lXext -lX11 >&5
configure:6096: $? = 0
configure:6096: result: yes
configure:6102: checking for fgets_unlocked
configure:6102: gcc -o conftest -g -O2  -Wall -g -O2 -Wall -I/usr/local/include   conftest.c -lX11   -lSM -lICE    -lm -L/usr/local/lib -lxosd -lpthread -lXext -lX11 >&5
configure:6102: $? = 0
configure:6102: result: yes
configure:6108: checking for getcwd
configure:6108: gcc -o conftest -g -O2  -Wall -g -O2 -Wall -I/usr/local/include   conftest.c -lX11   -lSM -lICE    -lm -L/usr/local/lib -lxosd -lpthread -lXext -lX11 >&5
configure:6108: $? = 0
configure:6108: result: yes
configure:6114: checking for getegid
configure:6114: gcc -o conftest -g -O2  -Wall -g -O2 -Wall -I/usr/local/include   conftest.c -lX11   -lSM -lICE    -lm -L/usr/local/lib -lxosd -lpthread -lXext -lX11 >&5
configure:6114: $? = 0
configure:6114: result: yes
configure:6120: checking for geteuid
configure:6120: gcc -o conftest -g -O2  -Wall -g -O2 -Wall -I/usr/local/include   conftest.c -lX11   -lSM -lICE    -lm -L/usr/local/lib -lxosd -lpthread -lXext -lX11 >&5
configure:6120: $? = 0
configure:6120: result: yes
configure:6126: checking for getgid
configure:6126: gcc -o conftest -g -O2  -Wall -g -O2 -Wall -I/usr/local/include   conftest.c -lX11   -lSM -lICE    -lm -L/usr/local/lib -lxosd -lpthread -lXext -lX11 >&5
configure:6126: $? = 0
configure:6126: result: yes
configure:6132: checking for getuid
configure:6132: gcc -o conftest -g -O2  -Wall -g -O2 -Wall -I/usr/local/include   conftest.c -lX11   -lSM -lICE    -lm -L/usr/local/lib -lxosd -lpthread -lXext -lX11 >&5
configure:6132: $? = 0
configure:6132: result: yes
configure:6138: checking for mempcpy
configure:6138: gcc -o conftest -g -O2  -Wall -g -O2 -Wall -I/usr/local/include   conftest.c -lX11   -lSM -lICE    -lm -L/usr/local/lib -lxosd -lpthread -lXext -lX11 >&5
conftest.c:70:6: warning: conflicting types for built-in function 'mempcpy'; expected 'void *(void *, const void *, long unsigned int)' [-Wbuiltin-declaration-mismatch]
   70 | char mempcpy ();
      |      ^~~~~~~
configure:6138: $? = 0
configure:6138: result: yes
configure:6144: checking for munmap
configure:6144: gcc -o conftest -g -O2  -Wall -g -O2 -Wall -I/usr/local/include   conftest.c -lX11   -lSM -lICE    -lm -L/usr/local/lib -lxosd -lpthread -lXext -lX11 >&5
configure:6144: $? = 0
configure:6144: result: yes
configure:6150: checking for putenv
configure:6150: gcc -o conftest -g -O2  -Wall -g -O2 -Wall -I/usr/local/include   conftest.c -lX11   -lSM -lICE    -lm -L/usr/local/lib -lxosd -lpthread -lXext -lX11 >&5
configure:6150: $? = 0
configure:6150: result: yes
configure:6156: checking for setenv
configure:6156: gcc -o conftest -g -O2  -Wall -g -O2 -Wall -I/usr/local/include   conftest.c -lX11   -lSM -lICE    -lm -L/usr/local/lib -lxosd -lpthread -lXext -lX11 >&5
configure:6156: $? = 0
configure:6156: result: yes
configure:6162: checking for setlocale
configure:6162: gcc -o conftest -g -O2  -Wall -g -O2 -Wall -I/usr/local/include   conftest.c -lX11   -lSM -lICE    -lm -L/usr/local/lib -lxosd -lpthread -lXext -lX11 >&5
configure:6162: $? = 0
configure:6162: result: yes
configure:6168: checking for stpcpy
configure:6168: gcc -o conftest -g -O2  -Wall -g -O2 -Wall -I/usr/local/include   conftest.c -lX11   -lSM -lICE    -lm -L/usr/local/lib -lxosd -lpthread -lXext -lX11 >&5
conftest.c:75:6: warning: conflicting types for built-in function 'stpcpy'; expected 'char *(char *, const char *)' [-Wbuiltin-declaration-mismatch]
   75 | char stpcpy ();
      |      ^~~~~~
configure:6168: $? = 0
configure:6168: result: yes
configure:6174: checking for strchr
configure:6174: gcc -o conftest -g -O2  -Wall -g -O2 -Wall -I/usr/local/include   conftest.c -lX11   -lSM -lICE    -lm -L/usr/local/lib -lxosd -lpthread -lXext -lX11 >&5
conftest.c:76:6: warning: conflicting types for built-in function 'strchr'; expected 'char *(const char *, int)' [-Wbuiltin-declaration-mismatch]
   76 | char strchr ();
      |      ^~~~~~
conftest.c:68:1: note: 'strchr' is declared in header '<string.h>'
   67 | #include <limits.h>
   68 | #undef strchr
configure:6174: $? = 0
configure:6174: result: yes
configure:6180: checking for strcasecmp
configure:6180: gcc -o conftest -g -O2  -Wall -g -O2 -Wall -I/usr/local/include   conftest.c -lX11   -lSM -lICE    -lm -L/usr/local/lib -lxosd -lpthread -lXext -lX11 >&5
conftest.c:77:6: warning: conflicting types for built-in function 'strcasecmp'; expected 'int(const char *, const char *)' [-Wbuiltin-declaration-mismatch]
   77 | char strcasecmp ();
      |      ^~~~~~~~~~
configure:6180: $? = 0
configure:6180: result: yes
configure:6186: checking for strdup
configure:6186: gcc -o conftest -g -O2  -Wall -g -O2 -Wall -I/usr/local/include   conftest.c -lX11   -lSM -lICE    -lm -L/usr/local/lib -lxosd -lpthread -lXext -lX11 >&5
conftest.c:78:6: warning: conflicting types for built-in function 'strdup'; expected 'char *(const char *)' [-Wbuiltin-declaration-mismatch]
   78 | char strdup ();
      |      ^~~~~~
configure:6186: $? = 0
configure:6186: result: yes
configure:6192: checking for strtoul
configure:6192: gcc -o conftest -g -O2  -Wall -g -O2 -Wall -I/usr/local/include   conftest.c -lX11   -lSM -lICE    -lm -L/usr/local/lib -lxosd -lpthread -lXext -lX11 >&5
configure:6192: $? = 0
configure:6192: result: yes
configure:6198: checking for tsearch
configure:6198: gcc -o conftest -g -O2  -Wall -g -O2 -Wall -I/usr/local/include   conftest.c -lX11   -lSM -lICE    -lm -L/usr/local/lib -lxosd -lpthread -lXext -lX11 >&5
configure:6198: $? = 0
configure:6198: result: yes
configure:6204: checking for __argz_count
configure:6204: gcc -o conftest -g -O2  -Wall -g -O2 -Wall -I/usr/local/include   conftest.c -lX11   -lSM -lICE    -lm -L/usr/local/lib -lxosd -lpthread -lXext -lX11 >&5
configure:6204: $? = 0
configure:6204: result: yes
configure:6210: checking for __argz_stringify
configure:6210: gcc -o conftest -g -O2  -Wall -g -O2 -Wall -I/usr/local/include   conftest.c -lX11   -lSM -lICE    -lm -L/usr/local/lib -lxosd -lpthread -lXext -lX11 >&5
configure:6210: $? = 0
configure:6210: result: yes
configure:6216: checking for __argz_next
configure:6216: gcc -o conftest -g -O2  -Wall -g -O2 -Wall -I/usr/local/include   conftest.c -lX11   -lSM -lICE    -lm -L/usr/local/lib -lxosd -lpthread -lXext -lX11 >&5
configure:6216: $? = 0
configure:6216: result: yes
configure:6239: checking for iconv
configure:6262: gcc -o conftest -g -O2  -Wall -g -O2 -Wall -I/usr/local/include   conftest.c -lX11   -lSM -lICE    -lm -L/usr/local/lib -lxosd -lpthread -lXext -lX11 >&5
configure:6262: $? = 0
configure:6296: result: yes
configure:6302: checking for iconv declaration
configure:6332: gcc -c -g -O2  -Wall -g -O2 -Wall -I/usr/local/include  conftest.c >&5
configure:6332: $? = 0
configure:6343: result: 
         extern size_t iconv (iconv_t cd, char * *inbuf, size_t *inbytesleft, char * *outbuf, size_t *outbytesleft);
configure:6358: checking for nl_langinfo and CODESET
configure:6375: gcc -o conftest -g -O2  -Wall -g -O2 -Wall -I/usr/local/include   conftest.c -lX11   -lSM -lICE    -lm -L/usr/local/lib -lxosd -lpthread -lXext -lX11 >&5
conftest.c: In function 'main':
conftest.c:74:7: warning: unused variable 'cs' [-Wunused-variable]
   74 | char* cs = nl_langinfo(CODESET);
      |       ^~
configure:6375: $? = 0
configure:6385: result: yes
configure:6394: checking for LC_MESSAGES
configure:6411: gcc -o conftest -g -O2  -Wall -g -O2 -Wall -I/usr/local/include   conftest.c -lX11   -lSM -lICE    -lm -L/usr/local/lib -lxosd -lpthread -lXext -lX11 >&5
configure:6411: $? = 0
configure:6420: result: yes
configure:6428: checking whether NLS is requested
configure:6438: result: yes
configure:6450: checking whether included gettext is requested
configure:6461: result: no
configure:6471: checking for libintl.h
configure:6471: gcc -c -g -O2  -Wall -g -O2 -Wall -I/usr/local/include  conftest.c >&5
configure:6471: $? = 0
configure:6471: result: yes
configure:6474: checking for GNU gettext in libc
configure:6493: gcc -o conftest -g -O2  -Wall -g -O2 -Wall -I/usr/local/include   conftest.c -lX11   -lSM -lICE    -lm -L/usr/local/lib -lxosd -lpthread -lXext -lX11 >&5
conftest.c: In function 'main':
conftest.c:79:8: warning: cast from pointer to integer of different size [-Wpointer-to-int-cast]
   79 | return (int) gettext ("") + _nl_msg_cat_cntr
      |        ^
configure:6493: $? = 0
configure:6502: result: yes
configure:6554: checking for dcgettext
configure:6554: gcc -o conftest -g -O2  -Wall -g -O2 -Wall -I/usr/local/include   conftest.c -lX11   -lSM -lICE    -lm -L/usr/local/lib -lxosd -lpthread -lXext -lX11  >&5
conftest.c:90:6: warning: conflicting types for built-in function 'dcgettext'; expected 'char *(const char *, const char *, int)' [-Wbuiltin-declaration-mismatch]
   90 | char dcgettext ();
      |      ^~~~~~~~~
configure:6554: $? = 0
configure:6554: result: yes
configure:6565: checking for msgfmt
configure:6593: result: /bin/msgfmt
configure:6602: checking for gmsgfmt
configure:6638: result: /bin/msgfmt
configure:6649: checking for xgettext
configure:6677: result: /bin/xgettext
configure:6860: checking for bison
configure:6895: result: no
configure:6954: checking for catalogs to be installed
configure:6974: result:  da de ru
configure:7112: creating ./config.status

## ---------------- ##
## Cache variables. ##
## ---------------- ##

ac_cv_build='x86_64-unknown-linux-gnu'
ac_cv_c_compiler_gnu='yes'
ac_cv_c_const='yes'
ac_cv_c_inline='inline'
ac_cv_env_CC_set=''
ac_cv_env_CC_value=''
ac_cv_env_CFLAGS_set=''
ac_cv_env_CFLAGS_value=''
ac_cv_env_CPPFLAGS_set=''
ac_cv_env_CPPFLAGS_value=''
ac_cv_env_CPP_set=''
ac_cv_env_CPP_value=''
ac_cv_env_LDFLAGS_set=''
ac_cv_env_LDFLAGS_value=''
ac_cv_env_LIBS_set=''
ac_cv_env_LIBS_value=''
ac_cv_env_XMKMF_set=''
ac_cv_env_XMKMF_value=''
ac_cv_env_build_alias_set=''
ac_cv_env_build_alias_value=''
ac_cv_env_host_alias_set=''
ac_cv_env_host_alias_value=''
ac_cv_env_target_alias_set=''
ac_cv_env_target_alias_value=''
ac_cv_func___argz_count='yes'
ac_cv_func___argz_next='yes'
ac_cv_func___argz_stringify='yes'
ac_cv_func_alloca_works='yes'
ac_cv_func_connect='yes'
ac_cv_func_dcgettext='yes'
ac_cv_func_feof_unlocked='yes'
ac_cv_func_fgets_unlocked='yes'
ac_cv_func_getcwd='yes'
ac_cv_func_getegid='yes'
ac_cv_func_geteuid='yes'
ac_cv_func_getgid='yes'
ac_cv_func_gethostbyname='yes'
ac_cv_func_getpagesize='yes'
ac_cv_func_getuid='yes'
ac_cv_func_mempcpy='yes'
ac_cv_func_mmap_fixed_mapped='no'
ac_cv_func_munmap='yes'
ac_cv_func_putenv='yes'
ac_cv_func_remove='yes'
ac_cv_func_setenv='yes'
ac_cv_func_setlocale='yes'
ac_cv_func_shmat='yes'
ac_cv_func_stpcpy='yes'
ac_cv_func_strcasecmp='yes'
ac_cv_func_strchr='yes'
ac_cv_func_strdup='yes'
ac_cv_func_strtoul='yes'
ac_cv_func_tsearch='yes'
ac_cv_gnu_library_2_1='yes'
ac_cv_have_x='have_x=yes	ac_x_includes='"''"'	ac_x_libraries='"''"
ac_cv_header_argz_h='yes'
ac_cv_header_fcntl_h='yes'
ac_cv_header_getopt_h='yes'
ac_cv_header_inttypes_h='yes'
ac_cv_header_libintl_h='yes'
ac_cv_header_limits_h='yes'
ac_cv_header_locale_h='yes'
ac_cv_header_malloc_h='yes'
ac_cv_header_nl_types_h='yes'
ac_cv_header_stddef_h='yes'
ac_cv_header_stdint_h='yes'
ac_cv_header_stdio_h='yes'
ac_cv_header_stdlib_h='yes'
ac_cv_header_string_h='yes'
ac_cv_header_strings_h='yes'
ac_cv_header_sys_param_h='yes'
ac_cv_header_sys_stat_h='yes'
ac_cv_header_sys_types_h='yes'
ac_cv_header_unistd_h='yes'
ac_cv_header_wait_h='yes'
ac_cv_host='x86_64-unknown-linux-gnu'
ac_cv_lib_ICE_IceConnectionNumber='yes'
ac_cv_lib_X11_main='yes'
ac_cv_lib_cposix_strerror='no'
ac_cv_objext='o'
ac_cv_path_EGREP='/bin/grep -E'
ac_cv_path_GMSGFMT='/bin/msgfmt'
ac_cv_path_GREP='/bin/grep'
ac_cv_path_LIBXOSD_CONFIG='/usr/local/bin/xosd-config'
ac_cv_path_MSGFMT='/bin/msgfmt'
ac_cv_path_XGETTEXT='/bin/xgettext'
ac_cv_path_install='/bin/install -c'
ac_cv_prog_CPP='gcc -E'
ac_cv_prog_ac_ct_CC='gcc'
ac_cv_prog_ac_ct_RANLIB='ranlib'
ac_cv_prog_cc_c11=''
ac_cv_prog_cc_g='yes'
ac_cv_prog_cc_stdc=''
ac_cv_prog_make_make_set='yes'
ac_cv_type_off_t='yes'
ac_cv_type_size_t='yes'
ac_cv_working_alloca_h='yes'
am_cv_func_iconv='yes'
am_cv_langinfo_codeset='yes'
am_cv_lib_iconv='no'
am_cv_proto_iconv='extern size_t iconv (iconv_t cd, char * *inbuf, size_t *inbytesleft, char * *outbuf, size_t *outbytesleft);'
am_cv_proto_iconv_arg1=''
am_cv_val_LC_MESSAGES='yes'
gt_cv_func_gnugettext1_libc='yes'
nls_cv_force_use_gnu_gettext='no'
nls_cv_header_intl=''
nls_cv_header_libgt=''
nls_cv_use_gnu_gettext='no'

## ----------------- ##
## Output variables. ##
## ----------------- ##

ACLOCAL='/home/rich/src/tpb-0.6.4/missing aclocal-1.4'
ALLOCA=''
AUTOCONF='autoconf'
AUTOHEADER='autoheader'
AUTOMAKE='/home/rich/src/tpb-0.6.4/missing automake-1.4'
BUILD_INCLUDED_LIBINTL='no'
CATALOGS=' da.gmo de.gmo ru.gmo'
CATOBJEXT='.gmo'
CC='gcc'
CFLAGS='-g -O2  -Wall -g -O2 -Wall -I/usr/local/include'
CPP='gcc -E'
CPPFLAGS=''
DATADIRNAME='share'
DEFS='-DHAVE_CONFIG_H'
ECHO_C=''
ECHO_N='-n'
ECHO_T=''
EGREP='/bin/grep -E'
EXEEXT=''
GENCAT='gencat'
GLIBC21='yes'
GMOFILES=' da.gmo de.gmo ru.gmo'
GMSGFMT='/bin/msgfmt'
GREP='/bin/grep'
INSTALL_DATA='${INSTALL} -m 644'
INSTALL_PROGRAM='${INSTALL}'
INSTALL_SCRIPT='${INSTALL}'
INSTOBJEXT='.mo'
INTLBISON=':'
INTLLIBS=''
INTLOBJS=''
INTL_LIBTOOL_SUFFIX_PREFIX=''
LDFLAGS=''
LIBICONV=''
LIBOBJS=''
LIBS='-lX11   -lSM -lICE    -lm -L/usr/local/lib -lxosd -lpthread -lXext -lX11'
LIBXOSD_CFLAGS='-g -O2 -Wall -I/usr/local/include'
LIBXOSD_CONFIG='/usr/local/bin/xosd-config'
LIBXOSD_LIBS='-L/usr/local/lib -lxosd -lpthread -lXext -lX11'
LTLIBOBJS=''
MAKEINFO='/home/rich/src/tpb-0.6.4/missing makeinfo'
MKINSTALLDIRS='.//mkinstalldirs'
MSGFMT='/bin/msgfmt'
OBJEXT='o'
PACKAGE='tpb'
PACKAGE_BUGREPORT=''
PACKAGE_NAME=''
PACKAGE_STRING=''
PACKAGE_TARNAME=''
PACKAGE_URL=''
PACKAGE_VERSION=''
PATH_SEPARATOR=':'
POFILES=' da.po de.po ru.po'
POSUB='po'
RANLIB='ranlib'
SET_MAKE=''
SHELL='/bin/sh'
USE_INCLUDED_LIBINTL='no'
USE_NLS='yes'
VERSION='0.6.4'
XGETTEXT='/bin/xgettext'
XMKMF=''
X_CFLAGS=''
X_EXTRA_LIBS=''
X_LIBS=''
X_PRE_LIBS=' -lSM -lICE'
ac_ct_CC='gcc'
bindir='${exec_prefix}/bin'
build='x86_64-unknown-linux-gnu'
build_alias=''
build_cpu='x86_64'
build_os='linux-gnu'
build_vendor='unknown'
datadir='${datarootdir}'
datarootdir='${prefix}/share'
docdir='${datarootdir}/doc/${PACKAGE}'
dvidir='${docdir}'
exec_prefix='${prefix}'
host='x86_64-unknown-linux-gnu'
host_alias=''
host_cpu='x86_64'
host_os='linux-gnu'
host_vendor='unknown'
htmldir='${docdir}'
includedir='${prefix}/include'
infodir='${datarootdir}/info'
libdir='${exec_prefix}/lib'
libexecdir='${exec_prefix}/libexec'
localedir='${datarootdir}/locale'
localstatedir='${prefix}/var'
mandir='${datarootdir}/man'
oldincludedir='/usr/include'
pdfdir='${docdir}'
prefix='/usr/local'
program_transform_name='s,x,x,'
psdir='${docdir}'
runstatedir='${localstatedir}/run'
sbindir='${exec_prefix}/sbin'
sharedstatedir='${prefix}/com'
sysconfdir='${prefix}/etc'
target_alias=''

## ----------- ##
## confdefs.h. ##
## ----------- ##

/* confdefs.h */
#define PACKAGE_NAME ""
#define PACKAGE_TARNAME ""
#define PACKAGE_VERSION ""
#define PACKAGE_STRING ""
#define PACKAGE_BUGREPORT ""
#define PACKAGE_URL ""
#define PACKAGE "tpb"
#define VERSION "0.6.4"
#define HAVE_LIBXOSD 1
#define HAVE_LIBXOSD_VERSION 20200
#define HAVE_STDIO_H 1
#define HAVE_STDLIB_H 1
#define HAVE_STRING_H 1
#define HAVE_INTTYPES_H 1
#define HAVE_STDINT_H 1
#define HAVE_STRINGS_H 1
#define HAVE_SYS_STAT_H 1
#define HAVE_SYS_TYPES_H 1
#define HAVE_UNISTD_H 1
#define HAVE_SYS_PARAM_H 1
#define STDC_HEADERS 1
#define HAVE_FCNTL_H 1
#define HAVE_GETOPT_H 1
#define HAVE_STDIO_H 1
#define HAVE_STDLIB_H 1
#define HAVE_STRINGS_H 1
#define HAVE_SYS_STAT_H 1
#define HAVE_SYS_TYPES_H 1
#define HAVE_UNISTD_H 1
#define HAVE_WAIT_H 1
#define HAVE_LIBX11 1
#define HAVE_ALLOCA_H 1
#define HAVE_ALLOCA 1
#define HAVE_GETPAGESIZE 1
#define HAVE_ARGZ_H 1
#define HAVE_LIMITS_H 1
#define HAVE_LOCALE_H 1
#define HAVE_NL_TYPES_H 1
#define HAVE_MALLOC_H 1
#define HAVE_STDDEF_H 1
#define HAVE_STDLIB_H 1
#define HAVE_STRING_H 1
#define HAVE_UNISTD_H 1
#define HAVE_SYS_PARAM_H 1
#define HAVE_FEOF_UNLOCKED 1
#define HAVE_FGETS_UNLOCKED 1
#define HAVE_GETCWD 1
#define HAVE_GETEGID 1
#define HAVE_GETEUID 1
#define HAVE_GETGID 1
#define HAVE_GETUID 1
#define HAVE_MEMPCPY 1
#define HAVE_MUNMAP 1
#define HAVE_PUTENV 1
#define HAVE_SETENV 1
#define HAVE_SETLOCALE 1
#define HAVE_STPCPY 1
#define HAVE_STRCHR 1
#define HAVE_STRCASECMP 1
#define HAVE_STRDUP 1
#define HAVE_STRTOUL 1
#define HAVE_TSEARCH 1
#define HAVE___ARGZ_COUNT 1
#define HAVE___ARGZ_STRINGIFY 1
#define HAVE___ARGZ_NEXT 1
#define HAVE_ICONV 1
#define ICONV_CONST 
#define HAVE_LANGINFO_CODESET 1
#define HAVE_LC_MESSAGES 1
#define ENABLE_NLS 1
#define HAVE_GETTEXT 1
#define HAVE_DCGETTEXT 1

configure: exit 0

## ---------------------- ##
## Running config.status. ##
## ---------------------- ##

This file was extended by config.status, which was
generated by GNU Autoconf 2.71.  Invocation command line was

  CONFIG_FILES    = Makefile
  CONFIG_HEADERS  = 
  CONFIG_LINKS    = 
  CONFIG_COMMANDS = 
  $ ./config.status 

on (none)

config.status:916: creating Makefile
config.status:1019: WARNING:  'Makefile.in' seems to ignore the --datarootdir setting
config.status:1105: executing default-1 commands
config.status:1105: executing default-2 commands

## ---------------------- ##
## Running config.status. ##
## ---------------------- ##

This file was extended by config.status, which was
generated by GNU Autoconf 2.71.  Invocation command line was

  CONFIG_FILES    = man/Makefile
  CONFIG_HEADERS  = 
  CONFIG_LINKS    = 
  CONFIG_COMMANDS = 
  $ ./config.status 

on (none)

config.status:916: creating man/Makefile
config.status:1019: WARNING:  'man/Makefile.in' seems to ignore the --datarootdir setting
config.status:1105: executing default-1 commands
config.status:1105: executing default-2 commands

## ---------------------- ##
## Running config.status. ##
## ---------------------- ##

This file was extended by config.status, which was
generated by GNU Autoconf 2.71.  Invocation command line was

  CONFIG_FILES    = src/Makefile
  CONFIG_HEADERS  = 
  CONFIG_LINKS    = 
  CONFIG_COMMANDS = 
  $ ./config.status 

on (none)

config.status:916: creating src/Makefile
config.status:1019: WARNING:  'src/Makefile.in' seems to ignore the --datarootdir setting
config.status:1105: executing default-1 commands
config.status:1105: executing default-2 commands

## ---------------------- ##
## Running config.status. ##
## ---------------------- ##

This file was extended by config.status, which was
generated by GNU Autoconf 2.71.  Invocation command line was

  CONFIG_FILES    = po/Makefile.in
  CONFIG_HEADERS  = 
  CONFIG_LINKS    = 
  CONFIG_COMMANDS = 
  $ ./config.status 

on (none)

config.status:916: creating po/Makefile.in
config.status:1019: WARNING:  'po/Makefile.in.in' seems to ignore the --datarootdir setting
config.status:1105: executing default-1 commands
config.status:1105: executing default-2 commands

## ---------------------- ##
## Running config.status. ##
## ---------------------- ##

This file was extended by config.status, which was
generated by GNU Autoconf 2.71.  Invocation command line was

  CONFIG_FILES    = intl/Makefile
  CONFIG_HEADERS  = 
  CONFIG_LINKS    = 
  CONFIG_COMMANDS = 
  $ ./config.status 

on (none)

config.status:916: creating intl/Makefile
config.status:1019: WARNING:  'intl/Makefile.in' seems to ignore the --datarootdir setting
config.status:1105: executing default-1 commands
config.status:1105: executing default-2 commands

## ---------------------- ##
## Running config.status. ##
## ---------------------- ##

This file was extended by config.status, which was
generated by GNU Autoconf 2.71.  Invocation command line was

  CONFIG_FILES    = doc/Makefile
  CONFIG_HEADERS  = 
  CONFIG_LINKS    = 
  CONFIG_COMMANDS = 
  $ ./config.status 

on (none)

config.status:916: creating doc/Makefile
config.status:1019: WARNING:  'doc/Makefile.in' seems to ignore the --datarootdir setting
config.status:1105: executing default-1 commands
config.status:1105: executing default-2 commands

## ---------------------- ##
## Running config.status. ##
## ---------------------- ##

This file was extended by config.status, which was
generated by GNU Autoconf 2.71.  Invocation command line was

  CONFIG_FILES    = 
  CONFIG_HEADERS  = config.h
  CONFIG_LINKS    = 
  CONFIG_COMMANDS = 
  $ ./config.status 

on (none)

config.status:916: creating config.h
config.status:1105: executing default-1 commands
config.status:1105: executing default-2 commands
